[0.543s] Invoking command in '/home/ogishima/ros2_ws/src/mypkg': PYTHONPATH=/home/ogishima/ros2_ws/src/mypkg/install/mypkg/lib/python3.10/site-packages:${PYTHONPATH} /usr/bin/python3 setup.py egg_info --egg-base build/mypkg build --build-base /home/ogishima/ros2_ws/src/mypkg/build/mypkg/build install --prefix /home/ogishima/ros2_ws/src/mypkg/install/mypkg --record /home/ogishima/ros2_ws/src/mypkg/build/mypkg/install.log --single-version-externally-managed
[0.741s] running egg_info
[0.742s] writing build/mypkg/mypkg.egg-info/PKG-INFO
[0.743s] writing dependency_links to build/mypkg/mypkg.egg-info/dependency_links.txt
[0.743s] writing entry points to build/mypkg/mypkg.egg-info/entry_points.txt
[0.743s] writing requirements to build/mypkg/mypkg.egg-info/requires.txt
[0.743s] writing top-level names to build/mypkg/mypkg.egg-info/top_level.txt
[0.744s] reading manifest file 'build/mypkg/mypkg.egg-info/SOURCES.txt'
[0.745s] writing manifest file 'build/mypkg/mypkg.egg-info/SOURCES.txt'
[0.745s] running build
[0.746s] running build_py
[0.746s] running install
[0.747s] running install_lib
[0.747s] /usr/lib/python3/dist-packages/setuptools/command/install.py:34: SetuptoolsDeprecationWarning: setup.py install is deprecated. Use build and pip and other standards-based tools.
[0.747s]   warnings.warn(
[0.747s] running install_data
[0.748s] copying package.xml -> /home/ogishima/ros2_ws/src/mypkg/install/mypkg/share/mypkg
[0.748s] copying launch/talk_listen.launch.py -> /home/ogishima/ros2_ws/src/mypkg/install/mypkg/share/mypkg
[0.748s] running install_egg_info
[0.749s] removing '/home/ogishima/ros2_ws/src/mypkg/install/mypkg/lib/python3.10/site-packages/mypkg-0.0.0-py3.10.egg-info' (and everything under it)
[0.750s] Copying build/mypkg/mypkg.egg-info to /home/ogishima/ros2_ws/src/mypkg/install/mypkg/lib/python3.10/site-packages/mypkg-0.0.0-py3.10.egg-info
[0.750s] running install_scripts
[0.769s] Installing listener script to /home/ogishima/ros2_ws/src/mypkg/install/mypkg/lib/mypkg
[0.769s] Installing talker script to /home/ogishima/ros2_ws/src/mypkg/install/mypkg/lib/mypkg
[0.769s] writing list of installed files to '/home/ogishima/ros2_ws/src/mypkg/build/mypkg/install.log'
[0.794s] Invoked command in '/home/ogishima/ros2_ws/src/mypkg' returned '0': PYTHONPATH=/home/ogishima/ros2_ws/src/mypkg/install/mypkg/lib/python3.10/site-packages:${PYTHONPATH} /usr/bin/python3 setup.py egg_info --egg-base build/mypkg build --build-base /home/ogishima/ros2_ws/src/mypkg/build/mypkg/build install --prefix /home/ogishima/ros2_ws/src/mypkg/install/mypkg --record /home/ogishima/ros2_ws/src/mypkg/build/mypkg/install.log --single-version-externally-managed
