[0.497s] Invoking command in '/home/ogishima/ros2_ws/src/mypkg': PYTHONPATH=/home/ogishima/ros2_ws/src/mypkg/install/mypkg/lib/python3.10/site-packages:${PYTHONPATH} /usr/bin/python3 setup.py egg_info --egg-base build/mypkg build --build-base /home/ogishima/ros2_ws/src/mypkg/build/mypkg/build install --prefix /home/ogishima/ros2_ws/src/mypkg/install/mypkg --record /home/ogishima/ros2_ws/src/mypkg/build/mypkg/install.log --single-version-externally-managed
[0.708s] running egg_info
[0.709s] writing build/mypkg/mypkg.egg-info/PKG-INFO
[0.709s] writing dependency_links to build/mypkg/mypkg.egg-info/dependency_links.txt
[0.710s] writing entry points to build/mypkg/mypkg.egg-info/entry_points.txt
[0.710s] writing requirements to build/mypkg/mypkg.egg-info/requires.txt
[0.710s] writing top-level names to build/mypkg/mypkg.egg-info/top_level.txt
[0.711s] reading manifest file 'build/mypkg/mypkg.egg-info/SOURCES.txt'
[0.712s] writing manifest file 'build/mypkg/mypkg.egg-info/SOURCES.txt'
[0.712s] running build
[0.713s] running build_py
[0.713s] copying mypkg/talker.py -> /home/ogishima/ros2_ws/src/mypkg/build/mypkg/build/lib/mypkg
[0.713s] running install
[0.713s] /usr/lib/python3/dist-packages/setuptools/command/install.py:34: SetuptoolsDeprecationWarning: setup.py install is deprecated. Use build and pip and other standards-based tools.
[0.713s]   warnings.warn(
[0.714s] running install_lib
[0.715s] copying /home/ogishima/ros2_ws/src/mypkg/build/mypkg/build/lib/mypkg/talker.py -> /home/ogishima/ros2_ws/src/mypkg/install/mypkg/lib/python3.10/site-packages/mypkg
[0.716s] byte-compiling /home/ogishima/ros2_ws/src/mypkg/install/mypkg/lib/python3.10/site-packages/mypkg/talker.py to talker.cpython-310.pyc
[0.717s] running install_data
[0.717s] running install_egg_info
[0.719s] removing '/home/ogishima/ros2_ws/src/mypkg/install/mypkg/lib/python3.10/site-packages/mypkg-0.0.0-py3.10.egg-info' (and everything under it)
[0.719s] Copying build/mypkg/mypkg.egg-info to /home/ogishima/ros2_ws/src/mypkg/install/mypkg/lib/python3.10/site-packages/mypkg-0.0.0-py3.10.egg-info
[0.720s] running install_scripts
[0.743s] Installing listener script to /home/ogishima/ros2_ws/src/mypkg/install/mypkg/lib/mypkg
[0.743s] Installing talker script to /home/ogishima/ros2_ws/src/mypkg/install/mypkg/lib/mypkg
[0.744s] writing list of installed files to '/home/ogishima/ros2_ws/src/mypkg/build/mypkg/install.log'
[0.767s] Invoked command in '/home/ogishima/ros2_ws/src/mypkg' returned '0': PYTHONPATH=/home/ogishima/ros2_ws/src/mypkg/install/mypkg/lib/python3.10/site-packages:${PYTHONPATH} /usr/bin/python3 setup.py egg_info --egg-base build/mypkg build --build-base /home/ogishima/ros2_ws/src/mypkg/build/mypkg/build install --prefix /home/ogishima/ros2_ws/src/mypkg/install/mypkg --record /home/ogishima/ros2_ws/src/mypkg/build/mypkg/install.log --single-version-externally-managed
