[0.517s] Invoking command in '/home/ogishima/ros2_ws/src/mypkg': PYTHONPATH=/home/ogishima/ros2_ws/src/mypkg/install/mypkg/lib/python3.10/site-packages:${PYTHONPATH} /usr/bin/python3 setup.py egg_info --egg-base build/mypkg build --build-base /home/ogishima/ros2_ws/src/mypkg/build/mypkg/build install --prefix /home/ogishima/ros2_ws/src/mypkg/install/mypkg --record /home/ogishima/ros2_ws/src/mypkg/build/mypkg/install.log --single-version-externally-managed
[0.748s] running egg_info
[0.748s] creating build/mypkg/mypkg.egg-info
[0.749s] writing build/mypkg/mypkg.egg-info/PKG-INFO
[0.749s] writing dependency_links to build/mypkg/mypkg.egg-info/dependency_links.txt
[0.749s] writing entry points to build/mypkg/mypkg.egg-info/entry_points.txt
[0.750s] writing requirements to build/mypkg/mypkg.egg-info/requires.txt
[0.750s] writing top-level names to build/mypkg/mypkg.egg-info/top_level.txt
[0.750s] writing manifest file 'build/mypkg/mypkg.egg-info/SOURCES.txt'
[0.751s] reading manifest file 'build/mypkg/mypkg.egg-info/SOURCES.txt'
[0.752s] writing manifest file 'build/mypkg/mypkg.egg-info/SOURCES.txt'
[0.752s] running build
[0.752s] running build_py
[0.753s] creating /home/ogishima/ros2_ws/src/mypkg/build/mypkg/build
[0.753s] creating /home/ogishima/ros2_ws/src/mypkg/build/mypkg/build/lib
[0.753s] creating /home/ogishima/ros2_ws/src/mypkg/build/mypkg/build/lib/mypkg
[0.754s] copying mypkg/talker.py -> /home/ogishima/ros2_ws/src/mypkg/build/mypkg/build/lib/mypkg
[0.754s] copying mypkg/listener.py -> /home/ogishima/ros2_ws/src/mypkg/build/mypkg/build/lib/mypkg
[0.754s] copying mypkg/__init__.py -> /home/ogishima/ros2_ws/src/mypkg/build/mypkg/build/lib/mypkg
[0.754s] running install
[0.754s] /usr/lib/python3/dist-packages/setuptools/command/install.py:34: SetuptoolsDeprecationWarning: setup.py install is deprecated. Use build and pip and other standards-based tools.
[0.754s]   warnings.warn(
[0.755s] running install_lib
[0.755s] creating /home/ogishima/ros2_ws/src/mypkg/install/mypkg/lib/python3.10/site-packages/mypkg
[0.755s] copying /home/ogishima/ros2_ws/src/mypkg/build/mypkg/build/lib/mypkg/talker.py -> /home/ogishima/ros2_ws/src/mypkg/install/mypkg/lib/python3.10/site-packages/mypkg
[0.755s] copying /home/ogishima/ros2_ws/src/mypkg/build/mypkg/build/lib/mypkg/listener.py -> /home/ogishima/ros2_ws/src/mypkg/install/mypkg/lib/python3.10/site-packages/mypkg
[0.755s] copying /home/ogishima/ros2_ws/src/mypkg/build/mypkg/build/lib/mypkg/__init__.py -> /home/ogishima/ros2_ws/src/mypkg/install/mypkg/lib/python3.10/site-packages/mypkg
[0.755s] byte-compiling /home/ogishima/ros2_ws/src/mypkg/install/mypkg/lib/python3.10/site-packages/mypkg/talker.py to talker.cpython-310.pyc
[0.756s] byte-compiling /home/ogishima/ros2_ws/src/mypkg/install/mypkg/lib/python3.10/site-packages/mypkg/listener.py to listener.cpython-310.pyc
[0.756s] byte-compiling /home/ogishima/ros2_ws/src/mypkg/install/mypkg/lib/python3.10/site-packages/mypkg/__init__.py to __init__.cpython-310.pyc
[0.757s] running install_data
[0.757s] creating /home/ogishima/ros2_ws/src/mypkg/install/mypkg/share/ament_index
[0.757s] creating /home/ogishima/ros2_ws/src/mypkg/install/mypkg/share/ament_index/resource_index
[0.758s] creating /home/ogishima/ros2_ws/src/mypkg/install/mypkg/share/ament_index/resource_index/packages
[0.758s] copying resource/mypkg -> /home/ogishima/ros2_ws/src/mypkg/install/mypkg/share/ament_index/resource_index/packages
[0.758s] copying package.xml -> /home/ogishima/ros2_ws/src/mypkg/install/mypkg/share/mypkg
[0.758s] copying launch/talk_listen.launch.py -> /home/ogishima/ros2_ws/src/mypkg/install/mypkg/share/mypkg
[0.758s] running install_egg_info
[0.759s] Copying build/mypkg/mypkg.egg-info to /home/ogishima/ros2_ws/src/mypkg/install/mypkg/lib/python3.10/site-packages/mypkg-0.0.0-py3.10.egg-info
[0.760s] running install_scripts
[0.779s] Installing listener script to /home/ogishima/ros2_ws/src/mypkg/install/mypkg/lib/mypkg
[0.779s] Installing talker script to /home/ogishima/ros2_ws/src/mypkg/install/mypkg/lib/mypkg
[0.779s] writing list of installed files to '/home/ogishima/ros2_ws/src/mypkg/build/mypkg/install.log'
[0.802s] Invoked command in '/home/ogishima/ros2_ws/src/mypkg' returned '0': PYTHONPATH=/home/ogishima/ros2_ws/src/mypkg/install/mypkg/lib/python3.10/site-packages:${PYTHONPATH} /usr/bin/python3 setup.py egg_info --egg-base build/mypkg build --build-base /home/ogishima/ros2_ws/src/mypkg/build/mypkg/build install --prefix /home/ogishima/ros2_ws/src/mypkg/install/mypkg --record /home/ogishima/ros2_ws/src/mypkg/build/mypkg/install.log --single-version-externally-managed
